Determining if the pthread_create exist failed with the following output:
Change Dir: /data/xzjiang/GPU-study/N3LDG/build/CMakeFiles/CMakeTmp

Run Build Command:"/usr/bin/make" "cmTC_265ee/fast"
/usr/bin/make -f CMakeFiles/cmTC_265ee.dir/build.make CMakeFiles/cmTC_265ee.dir/build
make[1]: Entering directory `/data/xzjiang/GPU-study/N3LDG/build/CMakeFiles/CMakeTmp'
Building C object CMakeFiles/cmTC_265ee.dir/CheckSymbolExists.c.o
/usr/bin/cc    -fPIC    -o CMakeFiles/cmTC_265ee.dir/CheckSymbolExists.c.o   -c /data/xzjiang/GPU-study/N3LDG/build/CMakeFiles/CMakeTmp/CheckSymbolExists.c
Linking C executable cmTC_265ee
/usr/local/bin/cmake -E cmake_link_script CMakeFiles/cmTC_265ee.dir/link.txt --verbose=1
/usr/bin/cc  -fPIC     CMakeFiles/cmTC_265ee.dir/CheckSymbolExists.c.o  -o cmTC_265ee -rdynamic 
CMakeFiles/cmTC_265ee.dir/CheckSymbolExists.c.o: In function `main':
CheckSymbolExists.c:(.text+0x1b): undefined reference to `pthread_create'
collect2: error: ld returned 1 exit status
make[1]: *** [cmTC_265ee] Error 1
make[1]: Leaving directory `/data/xzjiang/GPU-study/N3LDG/build/CMakeFiles/CMakeTmp'
make: *** [cmTC_265ee/fast] Error 2

File /data/xzjiang/GPU-study/N3LDG/build/CMakeFiles/CMakeTmp/CheckSymbolExists.c:
/* */
#include <pthread.h>

int main(int argc, char** argv)
{
  (void)argv;
#ifndef pthread_create
  return ((int*)(&pthread_create))[argc];
#else
  (void)argc;
  return 0;
#endif
}

Determining if the function pthread_create exists in the pthreads failed with the following output:
Change Dir: /data/xzjiang/GPU-study/N3LDG/build/CMakeFiles/CMakeTmp

Run Build Command:"/usr/bin/make" "cmTC_994ea/fast"
/usr/bin/make -f CMakeFiles/cmTC_994ea.dir/build.make CMakeFiles/cmTC_994ea.dir/build
make[1]: Entering directory `/data/xzjiang/GPU-study/N3LDG/build/CMakeFiles/CMakeTmp'
Building C object CMakeFiles/cmTC_994ea.dir/CheckFunctionExists.c.o
/usr/bin/cc    -fPIC -DCHECK_FUNCTION_EXISTS=pthread_create   -o CMakeFiles/cmTC_994ea.dir/CheckFunctionExists.c.o   -c /usr/local/share/cmake-3.7/Modules/CheckFunctionExists.c
Linking C executable cmTC_994ea
/usr/local/bin/cmake -E cmake_link_script CMakeFiles/cmTC_994ea.dir/link.txt --verbose=1
/usr/bin/cc  -fPIC -DCHECK_FUNCTION_EXISTS=pthread_create    CMakeFiles/cmTC_994ea.dir/CheckFunctionExists.c.o  -o cmTC_994ea -rdynamic -lpthreads 
/usr/bin/ld: cannot find -lpthreads
collect2: error: ld returned 1 exit status
make[1]: *** [cmTC_994ea] Error 1
make[1]: Leaving directory `/data/xzjiang/GPU-study/N3LDG/build/CMakeFiles/CMakeTmp'
make: *** [cmTC_994ea/fast] Error 2


